Initializing database schema...
Database initialized.
Latest block on Sepolia : 11034114
Start block             : 11032114
Total blocks to crawl   : 2000
Resuming from block 11032114...

Batch 11032114 → 11032213
  [  0.0%] block 11032114 done
  [  0.1%] block 11032115 done
  [  0.1%] block 11032116 done
  [  0.1%] block 11032117 done
  [  0.2%] block 11032118 done
  [  0.2%] block 11032119 done
  [  0.3%] block 11032120 done
  [  0.4%] block 11032121 done
  [  0.4%] block 11032122 done
  [  0.4%] block 11032123 done
  [  0.5%] block 11032124 done
  [  0.5%] block 11032125 done
  [  0.6%] block 11032126 done
  [  0.7%] block 11032127 done
  [  0.7%] block 11032128 done
  [  0.8%] block 11032129 done
  [  0.8%] block 11032130 done
  [  0.9%] block 11032131 done
  [  0.9%] block 11032132 done
  [  0.9%] block 11032133 done
  [  1.0%] block 11032134 done
  [  1.1%] block 11032135 done
  [  1.1%] block 11032136 done
  [  1.1%] block 11032137 done
  [  1.2%] block 11032138 done
  [  1.2%] block 11032139 done
  [  1.3%] block 11032140 done
  [  1.4%] block 11032141 done
  [  1.4%] block 11032142 done
  [  1.5%] block 11032143 done
  [  1.5%] block 11032144 done
  [  1.6%] block 11032145 done
  [  1.6%] block 11032146 done
  [  1.7%] block 11032147 done
  [  1.7%] block 11032148 done
  [  1.8%] block 11032149 done
  [  1.8%] block 11032150 done
  [  1.8%] block 11032151 done
  [  1.9%] block 11032152 done
  [  1.9%] block 11032153 done
  [  2.0%] block 11032154 done
  [  2.1%] block 11032155 done
  [  2.1%] block 11032156 done
  [  2.1%] block 11032157 done
  [  2.2%] block 11032158 done
  [  2.2%] block 11032159 done
  [  2.3%] block 11032160 done
  [  2.4%] block 11032161 done
  [  2.4%] block 11032162 done
  [  2.5%] block 11032163 done
  [  2.5%] block 11032164 done
  [  2.5%] block 11032165 done
  [  2.6%] block 11032166 done
  [  2.6%] block 11032167 done
  [  2.7%] block 11032168 done
  [  2.8%] block 11032169 done
  [  2.8%] block 11032170 done
  [  2.9%] block 11032171 done
  [  2.9%] block 11032172 done
  [  2.9%] block 11032173 done
  [  3.0%] block 11032174 done
  [  3.0%] block 11032175 done
  [  3.1%] block 11032176 done
  [  3.1%] block 11032177 done
  [  3.2%] block 11032178 done
  [  3.2%] block 11032179 done
  [  3.3%] block 11032180 done
  [  3.4%] block 11032181 done
  [  3.4%] block 11032182 done
  [  3.5%] block 11032183 done
  [  3.5%] block 11032184 done
  [  3.5%] block 11032185 done
  [  3.6%] block 11032186 done
  [  3.6%] block 11032187 done
  [  3.7%] block 11032188 done
  [  3.8%] block 11032189 done
  [  3.8%] block 11032190 done
  [  3.9%] block 11032191 done
  [  3.9%] block 11032192 done
  [  4.0%] block 11032193 done
  [  4.0%] block 11032194 done
  [  4.0%] block 11032195 done
  [  4.1%] block 11032196 done
  [  4.2%] block 11032197 done
  [  4.2%] block 11032198 done
  [  4.2%] block 11032199 done
  [  4.3%] block 11032200 done
  [  4.3%] block 11032201 done
  [  4.4%] block 11032202 done
  [  4.5%] block 11032203 done
  [  4.5%] block 11032204 done
  [  4.5%] block 11032205 done
  [  4.6%] block 11032206 done
  [  4.7%] block 11032207 done
  [  4.7%] block 11032208 done
  [  4.8%] block 11032209 done
  [  4.8%] block 11032210 done
  [  4.9%] block 11032211 done
  [  4.9%] block 11032212 done
  [  5.0%] block 11032213 done
Batch 11032214 → 11032313
  [  5.0%] block 11032214 done
  [  5.1%] block 11032215 done
  [  5.1%] block 11032216 done
  [  5.1%] block 11032217 done
  [  5.2%] block 11032218 done
  [  5.2%] block 11032219 done
  [  5.3%] block 11032220 done
  [  5.3%] block 11032221 done
  [  5.4%] block 11032222 done
  [  5.5%] block 11032223 done
  [  5.5%] block 11032224 done
  [  5.5%] block 11032225 done
  [  5.6%] block 11032226 done
  [  5.7%] block 11032227 done
  [  5.7%] block 11032228 done
  [  5.8%] block 11032229 done
  [  5.8%] block 11032230 done
  [  5.9%] block 11032231 done
  [  5.9%] block 11032232 done
  [  5.9%] block 11032233 done
  [  6.0%] block 11032234 done
  [  6.0%] block 11032235 done
  [  6.1%] block 11032236 done
  [  6.2%] block 11032237 done
  [  6.2%] block 11032238 done
  [  6.2%] block 11032239 done
  [  6.3%] block 11032240 done
  [  6.3%] block 11032241 done
  [  6.4%] block 11032242 done
  [  6.5%] block 11032243 done
  [  6.5%] block 11032244 done
  [  6.6%] block 11032245 done
  [  6.6%] block 11032246 done
  [  6.7%] block 11032247 done
  [  6.7%] block 11032248 done
  [  6.8%] block 11032249 done
  [  6.8%] block 11032250 done
  [  6.9%] block 11032251 done
  [  6.9%] block 11032252 done
  [  7.0%] block 11032253 done
  [  7.0%] block 11032254 done
  [  7.0%] block 11032255 done
  [  7.1%] block 11032256 done
  [  7.1%] block 11032257 done
  [  7.2%] block 11032258 done
  [  7.2%] block 11032259 done
  [  7.3%] block 11032260 done
  [  7.3%] block 11032261 done
  [  7.4%] block 11032262 done
  [  7.4%] block 11032263 done
  [  7.5%] block 11032264 done
  [  7.5%] block 11032265 done
  [  7.6%] block 11032266 done
  [  7.6%] block 11032267 done
  [  7.7%] block 11032268 done
  [  7.8%] block 11032269 done
  [  7.8%] block 11032270 done
  [  7.8%] block 11032271 done
  [  7.9%] block 11032272 done
  [  8.0%] block 11032273 done
  [  8.0%] block 11032274 done
  [  8.1%] block 11032275 done
  [  8.1%] block 11032276 done
  [  8.2%] block 11032277 done
  [  8.2%] block 11032278 done
  [  8.2%] block 11032279 done
  [  8.3%] block 11032280 done
  [  8.3%] block 11032281 done
  [  8.4%] block 11032282 done
  [  8.5%] block 11032283 done
  [  8.5%] block 11032284 done
  [  8.6%] block 11032285 done
  [  8.6%] block 11032286 done
  [  8.6%] block 11032287 done
  [  8.7%] block 11032288 done
  [  8.8%] block 11032289 done
  [  8.8%] block 11032290 done
  [  8.8%] block 11032291 done
  [  8.9%] block 11032292 done
  [  8.9%] block 11032293 done
  [  9.0%] block 11032294 done
  [  9.0%] block 11032295 done
  [  9.1%] block 11032296 done
  [  9.2%] block 11032297 done
  [  9.2%] block 11032298 done
  [  9.2%] block 11032299 done
  [  9.3%] block 11032300 done
  [  9.3%] block 11032301 done
  [  9.4%] block 11032302 done
  [  9.4%] block 11032303 done
  [  9.5%] block 11032304 done
  [  9.6%] block 11032305 done
  [  9.6%] block 11032306 done
  [  9.7%] block 11032307 done
  [  9.7%] block 11032308 done
  [  9.8%] block 11032309 done
  [  9.8%] block 11032310 done
  [  9.8%] block 11032311 done
  [  9.9%] block 11032312 done
  [ 10.0%] block 11032313 done
Batch 11032314 → 11032413
  [ 10.0%] block 11032314 done
  [ 10.1%] block 11032315 done
  [ 10.1%] block 11032316 done
  [ 10.2%] block 11032317 done
  [ 10.2%] block 11032318 done
  [ 10.2%] block 11032319 done
  [ 10.3%] block 11032320 done
  [ 10.3%] block 11032321 done
  [ 10.4%] block 11032322 done
  [ 10.4%] block 11032323 done
  [ 10.5%] block 11032324 done
  [ 10.5%] block 11032325 done
  [ 10.6%] block 11032326 done
  [ 10.7%] block 11032327 done
  [ 10.7%] block 11032328 done
  [ 10.8%] block 11032329 done
  [ 10.8%] block 11032330 done
  [ 10.8%] block 11032331 done
  [ 10.9%] block 11032332 done
  [ 10.9%] block 11032333 done
  [ 11.0%] block 11032334 done
  [ 11.1%] block 11032335 done
  [ 11.1%] block 11032336 done
  [ 11.2%] block 11032337 done
  [ 11.2%] block 11032338 done
  [ 11.2%] block 11032339 done
  [ 11.3%] block 11032340 done
  [ 11.3%] block 11032341 done
  [ 11.4%] block 11032342 done
  [ 11.5%] block 11032343 done
  [ 11.5%] block 11032344 done
  [ 11.6%] block 11032345 done
  [ 11.6%] block 11032346 done
  [ 11.7%] block 11032347 done
  [ 11.7%] block 11032348 done
  [ 11.8%] block 11032349 done
  [ 11.8%] block 11032350 done
  [ 11.8%] block 11032351 done
  [ 11.9%] block 11032352 done
  [ 11.9%] block 11032353 done
  [ 12.0%] block 11032354 done
  [ 12.0%] block 11032355 done
  [ 12.1%] block 11032356 done
  [ 12.2%] block 11032357 done
  [ 12.2%] block 11032358 done
  [ 12.2%] block 11032359 done
  [ 12.3%] block 11032360 done
  [ 12.3%] block 11032361 done
  [ 12.4%] block 11032362 done
  [ 12.4%] block 11032363 done
  [ 12.5%] block 11032364 done
  [ 12.6%] block 11032365 done
  [ 12.6%] block 11032366 done
  [ 12.7%] block 11032367 done
  [ 12.7%] block 11032368 done
  [ 12.8%] block 11032369 done
  [ 12.8%] block 11032370 done
  [ 12.8%] block 11032371 done
  [ 12.9%] block 11032372 done
  [ 13.0%] block 11032373 done
  [ 13.0%] block 11032374 done
  [ 13.1%] block 11032375 done
  [ 13.1%] block 11032376 done
  [ 13.2%] block 11032377 done
  [ 13.2%] block 11032378 done
  [ 13.2%] block 11032379 done
  [ 13.3%] block 11032380 done
  [ 13.4%] block 11032381 done
  [ 13.4%] block 11032382 done
  [ 13.5%] block 11032383 done
  [ 13.5%] block 11032384 done
  [ 13.6%] block 11032385 done
  [ 13.6%] block 11032386 done
  [ 13.7%] block 11032387 done
  [ 13.7%] block 11032388 done
  [ 13.8%] block 11032389 done
  [ 13.8%] block 11032390 done
  [ 13.9%] block 11032391 done
  [ 13.9%] block 11032392 done
  [ 14.0%] block 11032393 done
  [ 14.0%] block 11032394 done
  [ 14.1%] block 11032395 done
  [ 14.1%] block 11032396 done
  [ 14.1%] block 11032397 done
  [ 14.2%] block 11032398 done
  [ 14.2%] block 11032399 done
  [ 14.3%] block 11032400 done
  [ 14.3%] block 11032401 done
  [ 14.4%] block 11032402 done
  [ 14.4%] block 11032403 done
  [ 14.5%] block 11032404 done
  [ 14.5%] block 11032405 done
  [ 14.6%] block 11032406 done
  [ 14.6%] block 11032407 done
  [ 14.7%] block 11032408 done
  [ 14.8%] block 11032409 done
  [ 14.8%] block 11032410 done
  [ 14.8%] block 11032411 done
  [ 14.9%] block 11032412 done
  [ 14.9%] block 11032413 done
Batch 11032414 → 11032513
  [ 15.0%] block 11032414 done
  [ 15.0%] block 11032415 done
  [ 15.1%] block 11032416 done
  [ 15.2%] block 11032417 done
  [ 15.2%] block 11032418 done
  [ 15.2%] block 11032419 done
  [ 15.3%] block 11032420 done
  [ 15.3%] block 11032421 done
  [ 15.4%] block 11032422 done
  [ 15.4%] block 11032423 done
  [ 15.5%] block 11032424 done
  [ 15.6%] block 11032425 done
  [ 15.6%] block 11032426 done
  [ 15.7%] block 11032427 done
  [ 15.7%] block 11032428 done
  [ 15.8%] block 11032429 done
  [ 15.8%] block 11032430 done
  [ 15.8%] block 11032431 done
  [ 15.9%] block 11032432 done
  [ 16.0%] block 11032433 done
  [ 16.0%] block 11032434 done
  [ 16.1%] block 11032435 done
  [ 16.1%] block 11032436 done
  [ 16.2%] block 11032437 done
  [ 16.2%] block 11032438 done
  [ 16.2%] block 11032439 done
  [ 16.3%] block 11032440 done
  [ 16.4%] block 11032441 done
  [ 16.4%] block 11032442 done
  [ 16.4%] block 11032443 done
  [ 16.5%] block 11032444 done
  [ 16.6%] block 11032445 done
  [ 16.6%] block 11032446 done
  [ 16.7%] block 11032447 done
  [ 16.7%] block 11032448 done
  [ 16.8%] block 11032449 done
  [ 16.8%] block 11032450 done
  [ 16.9%] block 11032451 done
  [ 16.9%] block 11032452 done
  [ 17.0%] block 11032453 done
  [ 17.0%] block 11032454 done
  [ 17.1%] block 11032455 done
  [ 17.1%] block 11032456 done
  [ 17.2%] block 11032457 done
  [ 17.2%] block 11032458 done
  [ 17.2%] block 11032459 done
  [ 17.3%] block 11032460 done
  [ 17.3%] block 11032461 done
  [ 17.4%] block 11032462 done
  [ 17.4%] block 11032463 done
  [ 17.5%] block 11032464 done
  [ 17.5%] block 11032465 done
  [ 17.6%] block 11032466 done
  [ 17.6%] block 11032467 done
  [ 17.7%] block 11032468 done
  [ 17.8%] block 11032469 done
  [ 17.8%] block 11032470 done
  [ 17.8%] block 11032471 done
  [ 17.9%] block 11032472 done
  [ 17.9%] block 11032473 done
  [ 18.0%] block 11032474 done
  [ 18.1%] block 11032475 done
  [ 18.1%] block 11032476 done
  [ 18.1%] block 11032477 done
  [ 18.2%] block 11032478 done
  [ 18.2%] block 11032479 done
  [ 18.3%] block 11032480 done
  [ 18.4%] block 11032481 done
  [ 18.4%] block 11032482 done
  [ 18.4%] block 11032483 done
  [ 18.5%] block 11032484 done
  [ 18.6%] block 11032485 done
  [ 18.6%] block 11032486 done
  [ 18.6%] block 11032487 done
  [ 18.7%] block 11032488 done
  [ 18.8%] block 11032489 done
  [ 18.8%] block 11032490 done
  [ 18.9%] block 11032491 done
  [ 18.9%] block 11032492 done
  [ 18.9%] block 11032493 done
  [ 19.0%] block 11032494 done
  [ 19.1%] block 11032495 done
  [ 19.1%] block 11032496 done
  [ 19.1%] block 11032497 done
  [ 19.2%] block 11032498 done
  [ 19.2%] block 11032499 done
  [ 19.3%] block 11032500 done
  [ 19.4%] block 11032501 done
  [ 19.4%] block 11032502 done
  [ 19.4%] block 11032503 done
  [ 19.5%] block 11032504 done
  [ 19.6%] block 11032505 done
  [ 19.6%] block 11032506 done
  [ 19.7%] block 11032507 done
  [ 19.7%] block 11032508 done
  [ 19.8%] block 11032509 done
  [ 19.8%] block 11032510 done
  [ 19.9%] block 11032511 done
  [ 19.9%] block 11032512 done
  [ 20.0%] block 11032513 done
Batch 11032514 → 11032613
  [ 20.0%] block 11032514 done
  [ 20.1%] block 11032515 done
  [ 20.1%] block 11032516 done
  [ 20.2%] block 11032517 done
  [ 20.2%] block 11032518 done
  [ 20.2%] block 11032519 done
  [ 20.3%] block 11032520 done
  [ 20.3%] block 11032521 done
  [ 20.4%] block 11032522 done
  [ 20.4%] block 11032523 done
  [ 20.5%] block 11032524 done
  [ 20.5%] block 11032525 done
  [ 20.6%] block 11032526 done
  [ 20.6%] block 11032527 done
  [ 20.7%] block 11032528 done
  [ 20.8%] block 11032529 done
  [ 20.8%] block 11032530 done
  [ 20.8%] block 11032531 done
  [ 20.9%] block 11032532 done
  [ 20.9%] block 11032533 done
  [ 21.0%] block 11032534 done
  [ 21.1%] block 11032535 done
  [ 21.1%] block 11032536 done
  [ 21.1%] block 11032537 done
  [ 21.2%] block 11032538 done
  [ 21.2%] block 11032539 done
  [ 21.3%] block 11032540 done
  [ 21.3%] block 11032541 done
  [ 21.4%] block 11032542 done
  [ 21.4%] block 11032543 done
  [ 21.5%] block 11032544 done
  [ 21.6%] block 11032545 done
  [ 21.6%] block 11032546 done
  [ 21.6%] block 11032547 done
  [ 21.7%] block 11032548 done
  [ 21.8%] block 11032549 done
  [ 21.8%] block 11032550 done
  [ 21.9%] block 11032551 done
  [ 21.9%] block 11032552 done
  [ 21.9%] block 11032553 done
  [ 22.0%] block 11032554 done
  [ 22.1%] block 11032555 done
  [ 22.1%] block 11032556 done
  [ 22.1%] block 11032557 done
  [ 22.2%] block 11032558 done
  [ 22.2%] block 11032559 done
  [ 22.3%] block 11032560 done
  [ 22.4%] block 11032561 done
  [ 22.4%] block 11032562 done
  [ 22.4%] block 11032563 done
  [ 22.5%] block 11032564 done
  [ 22.6%] block 11032565 done
  [ 22.6%] block 11032566 done
  [ 22.7%] block 11032567 done
  [ 22.7%] block 11032568 done
  [ 22.8%] block 11032569 done
  [ 22.8%] block 11032570 done
  [ 22.9%] block 11032571 done
  [ 22.9%] block 11032572 done
  [ 22.9%] block 11032573 done
  [ 23.0%] block 11032574 done
  [ 23.1%] block 11032575 done
  [ 23.1%] block 11032576 done
  [ 23.2%] block 11032577 done
  [ 23.2%] block 11032578 done
  [ 23.2%] block 11032579 done
  [ 23.3%] block 11032580 done
  [ 23.4%] block 11032581 done
  [ 23.4%] block 11032582 done
  [ 23.4%] block 11032583 done
  [ 23.5%] block 11032584 done
  [ 23.5%] block 11032585 done
  [ 23.6%] block 11032586 done
  [ 23.6%] block 11032587 done
  [ 23.7%] block 11032588 done
  [ 23.8%] block 11032589 done
  [ 23.8%] block 11032590 done
  [ 23.8%] block 11032591 done
  [ 23.9%] block 11032592 done
  [ 23.9%] block 11032593 done
  [ 24.0%] block 11032594 done
  [ 24.1%] block 11032595 done
  [ 24.1%] block 11032596 done
  [ 24.1%] block 11032597 done
  [ 24.2%] block 11032598 done
  [ 24.2%] block 11032599 done
  [ 24.3%] block 11032600 done
  [ 24.3%] block 11032601 done
  [ 24.4%] block 11032602 done
  [ 24.4%] block 11032603 done
  [ 24.5%] block 11032604 done
  [ 24.6%] block 11032605 done
  [ 24.6%] block 11032606 done
  [ 24.6%] block 11032607 done
  [ 24.7%] block 11032608 done
  [ 24.8%] block 11032609 done
  [ 24.8%] block 11032610 done
  [ 24.9%] block 11032611 done
  [ 24.9%] block 11032612 done
  [ 24.9%] block 11032613 done
Batch 11032614 → 11032713
  [ 25.0%] block 11032614 done
  [ 25.1%] block 11032615 done
  [ 25.1%] block 11032616 done
  [ 25.1%] block 11032617 done
  [ 25.2%] block 11032618 done
  [ 25.2%] block 11032619 done
  [ 25.3%] block 11032620 done
  [ 25.4%] block 11032621 done
  [ 25.4%] block 11032622 done
  [ 25.4%] block 11032623 done
  [ 25.5%] block 11032624 done
  [ 25.6%] block 11032625 done
  [ 25.6%] block 11032626 done
  [ 25.7%] block 11032627 done
  [ 25.7%] block 11032628 done
  [ 25.8%] block 11032629 done
  [ 25.8%] block 11032630 done
  [ 25.9%] block 11032631 done
  [ 25.9%] block 11032632 done
  [ 25.9%] block 11032633 done
  [ 26.0%] block 11032634 done
  [ 26.1%] block 11032635 done
  [ 26.1%] block 11032636 done
  [ 26.2%] block 11032637 done
  [ 26.2%] block 11032638 done
  [ 26.2%] block 11032639 done
  [ 26.3%] block 11032640 done
  [ 26.4%] block 11032641 done
  [ 26.4%] block 11032642 done
  [ 26.5%] block 11032643 done
  [ 26.5%] block 11032644 done
  [ 26.6%] block 11032645 done
  [ 26.6%] block 11032646 done
  [ 26.7%] block 11032647 done
  [ 26.7%] block 11032648 done
  [ 26.8%] block 11032649 done
  [ 26.8%] block 11032650 done
  [ 26.9%] block 11032651 done
  [ 26.9%] block 11032652 done
  [ 27.0%] block 11032653 done
  [ 27.0%] block 11032654 done
  [ 27.1%] block 11032655 done
  [ 27.1%] block 11032656 done
  [ 27.2%] block 11032657 done
  [ 27.2%] block 11032658 done
  [ 27.3%] block 11032659 done
  [ 27.3%] block 11032660 done
  [ 27.4%] block 11032661 done
  [ 27.4%] block 11032662 done
  [ 27.5%] block 11032663 done
  [ 27.5%] block 11032664 done
  [ 27.6%] block 11032665 done
  [ 27.6%] block 11032666 done
  [ 27.7%] block 11032667 done
  [ 27.7%] block 11032668 done
  [ 27.8%] block 11032669 done
  [ 27.8%] block 11032670 done
  [ 27.9%] block 11032671 done
  [ 27.9%] block 11032672 done
  [ 28.0%] block 11032673 done
  [ 28.0%] block 11032674 done
  [ 28.1%] block 11032675 done
  [ 28.1%] block 11032676 done
  [ 28.1%] block 11032677 done
  [ 28.2%] block 11032678 done
  [ 28.2%] block 11032679 done
  [ 28.3%] block 11032680 done
  [ 28.3%] block 11032681 done
  [ 28.4%] block 11032682 done
  [ 28.4%] block 11032683 done
  [ 28.5%] block 11032684 done
  [ 28.5%] block 11032685 done
  [ 28.6%] block 11032686 done
  [ 28.6%] block 11032687 done
  [ 28.7%] block 11032688 done
  [ 28.7%] block 11032689 done
  [ 28.8%] block 11032690 done
  [ 28.8%] block 11032691 done
  [ 28.9%] block 11032692 done
  [ 28.9%] block 11032693 done
  [ 29.0%] block 11032694 done
  [ 29.0%] block 11032695 done
  [ 29.1%] block 11032696 done
  [ 29.1%] block 11032697 done
  [ 29.2%] block 11032698 done
  [ 29.2%] block 11032699 done
  [ 29.3%] block 11032700 done
  [ 29.3%] block 11032701 done
  [ 29.4%] block 11032702 done
  [ 29.4%] block 11032703 done
  [ 29.5%] block 11032704 done
  [ 29.5%] block 11032705 done
  [ 29.6%] block 11032706 done
  [ 29.6%] block 11032707 done
  [ 29.7%] block 11032708 done
  [ 29.8%] block 11032709 done
  [ 29.8%] block 11032710 done
  [ 29.8%] block 11032711 done
  [ 29.9%] block 11032712 done
  [ 29.9%] block 11032713 done
Batch 11032714 → 11032813
  [ 30.0%] block 11032714 done
  [ 30.0%] block 11032715 done
  [ 30.1%] block 11032716 done
  [ 30.1%] block 11032717 done
  [ 30.2%] block 11032718 done
  [ 30.2%] block 11032719 done
  [ 30.3%] block 11032720 done
  [ 30.3%] block 11032721 done
  [ 30.4%] block 11032722 done
  [ 30.4%] block 11032723 done
  [ 30.5%] block 11032724 done
  [ 30.6%] block 11032725 done
  [ 30.6%] block 11032726 done
  [ 30.6%] block 11032727 done
  [ 30.7%] block 11032728 done
  [ 30.8%] block 11032729 done
  [ 30.8%] block 11032730 done
  [ 30.9%] block 11032731 done
  [ 30.9%] block 11032732 done
  [ 30.9%] block 11032733 done
  [ 31.0%] block 11032734 done
  [ 31.1%] block 11032735 done
  [ 31.1%] block 11032736 done
  [ 31.1%] block 11032737 done
  [ 31.2%] block 11032738 done
  [ 31.2%] block 11032739 done
  [ 31.3%] block 11032740 done
  [ 31.4%] block 11032741 done
  [ 31.4%] block 11032742 done
  [ 31.4%] block 11032743 done
  [ 31.5%] block 11032744 done
  [ 31.6%] block 11032745 done
  [ 31.6%] block 11032746 done
  [ 31.6%] block 11032747 done
  [ 31.7%] block 11032748 done
  [ 31.8%] block 11032749 done
  [ 31.8%] block 11032750 done
  [ 31.9%] block 11032751 done
  [ 31.9%] block 11032752 done
  [ 31.9%] block 11032753 done
  [ 32.0%] block 11032754 done
  [ 32.0%] block 11032755 done
  [ 32.1%] block 11032756 done
  [ 32.1%] block 11032757 done
  [ 32.2%] block 11032758 done
  [ 32.2%] block 11032759 done
  [ 32.3%] block 11032760 done
  [ 32.4%] block 11032761 done
  [ 32.4%] block 11032762 done
  [ 32.5%] block 11032763 done
  [ 32.5%] block 11032764 done
  [ 32.6%] block 11032765 done
  [ 32.6%] block 11032766 done
  [ 32.6%] block 11032767 done
  [ 32.7%] block 11032768 done
  [ 32.8%] block 11032769 done
  [ 32.8%] block 11032770 done
  [ 32.9%] block 11032771 done
  [ 32.9%] block 11032772 done
  [ 33.0%] block 11032773 done
  [ 33.0%] block 11032774 done
  [ 33.1%] block 11032775 done
  [ 33.1%] block 11032776 done
  [ 33.1%] block 11032777 done
  [ 33.2%] block 11032778 done
  [ 33.2%] block 11032779 done
  [ 33.3%] block 11032780 done
  [ 33.4%] block 11032781 done
  [ 33.4%] block 11032782 done
  [ 33.5%] block 11032783 done
  [ 33.5%] block 11032784 done
  [ 33.6%] block 11032785 done
  [ 33.6%] block 11032786 done
  [ 33.7%] block 11032787 done
  [ 33.7%] block 11032788 done
  [ 33.8%] block 11032789 done
  [ 33.8%] block 11032790 done
  [ 33.9%] block 11032791 done
  [ 33.9%] block 11032792 done
  [ 34.0%] block 11032793 done
  [ 34.0%] block 11032794 done
  [ 34.1%] block 11032795 done
  [ 34.1%] block 11032796 done
  [ 34.2%] block 11032797 done
  [ 34.2%] block 11032798 done
  [ 34.2%] block 11032799 done
  [ 34.3%] block 11032800 done
  [ 34.4%] block 11032801 done
  [ 34.4%] block 11032802 done
  [ 34.4%] block 11032803 done
  [ 34.5%] block 11032804 done
  [ 34.5%] block 11032805 done
  [ 34.6%] block 11032806 done
  [ 34.6%] block 11032807 done
  [ 34.7%] block 11032808 done
  [ 34.8%] block 11032809 done
  [ 34.8%] block 11032810 done
  [ 34.8%] block 11032811 done
  [ 34.9%] block 11032812 done
  [ 34.9%] block 11032813 done
Batch 11032814 → 11032913
  [ 35.0%] block 11032814 done
  [ 35.0%] block 11032815 done
  [ 35.1%] block 11032816 done
  [ 35.1%] block 11032817 done
  [ 35.2%] block 11032818 done
  [ 35.2%] block 11032819 done
  [ 35.3%] block 11032820 done
  [ 35.4%] block 11032821 done
  [ 35.4%] block 11032822 done
  [ 35.4%] block 11032823 done
  [ 35.5%] block 11032824 done
  [ 35.5%] block 11032825 done
  [ 35.6%] block 11032826 done
  [ 35.6%] block 11032827 done
  [ 35.7%] block 11032828 done
  [ 35.8%] block 11032829 done
  [ 35.8%] block 11032830 done
  [ 35.9%] block 11032831 done
  [ 35.9%] block 11032832 done
  [ 35.9%] block 11032833 done
  [ 36.0%] block 11032834 done
  [ 36.0%] block 11032835 done
  [ 36.1%] block 11032836 done
  [ 36.1%] block 11032837 done
  [ 36.2%] block 11032838 done
  [ 36.2%] block 11032839 done
  [ 36.3%] block 11032840 done
  [ 36.4%] block 11032841 done
  [ 36.4%] block 11032842 done
  [ 36.4%] block 11032843 done
  [ 36.5%] block 11032844 done
  [ 36.5%] block 11032845 done
  [ 36.6%] block 11032846 done
  [ 36.6%] block 11032847 done
  [ 36.7%] block 11032848 done
  [ 36.8%] block 11032849 done
  [ 36.8%] block 11032850 done
  [ 36.9%] block 11032851 done
  [ 36.9%] block 11032852 done
  [ 37.0%] block 11032853 done
  [ 37.0%] block 11032854 done
  [ 37.0%] block 11032855 done
  [ 37.1%] block 11032856 done
  [ 37.1%] block 11032857 done
  [ 37.2%] block 11032858 done
  [ 37.2%] block 11032859 done
  [ 37.3%] block 11032860 done
  [ 37.4%] block 11032861 done
  [ 37.4%] block 11032862 done
  [ 37.5%] block 11032863 done
  [ 37.5%] block 11032864 done
  [ 37.5%] block 11032865 done
  [ 37.6%] block 11032866 done
  [ 37.6%] block 11032867 done
  [ 37.7%] block 11032868 done
  [ 37.8%] block 11032869 done
  [ 37.8%] block 11032870 done
  [ 37.9%] block 11032871 done
  [ 37.9%] block 11032872 done
  [ 38.0%] block 11032873 done
  [ 38.0%] block 11032874 done
  [ 38.0%] block 11032875 done
  [ 38.1%] block 11032876 done
  [ 38.1%] block 11032877 done
  [ 38.2%] block 11032878 done
  [ 38.2%] block 11032879 done
  [ 38.3%] block 11032880 done
  [ 38.4%] block 11032881 done
  [ 38.4%] block 11032882 done
  [ 38.5%] block 11032883 done
  [ 38.5%] block 11032884 done
  [ 38.6%] block 11032885 done
  [ 38.6%] block 11032886 done
  [ 38.6%] block 11032887 done
  [ 38.7%] block 11032888 done
  [ 38.8%] block 11032889 done
  [ 38.8%] block 11032890 done
  [ 38.9%] block 11032891 done
  [ 38.9%] block 11032892 done
  [ 39.0%] block 11032893 done
  [ 39.0%] block 11032894 done
  [ 39.1%] block 11032895 done
  [ 39.1%] block 11032896 done
  [ 39.1%] block 11032897 done
  [ 39.2%] block 11032898 done
  [ 39.2%] block 11032899 done
  [ 39.3%] block 11032900 done
  [ 39.4%] block 11032901 done
  [ 39.4%] block 11032902 done
  [ 39.5%] block 11032903 done
  [ 39.5%] block 11032904 done
  [ 39.6%] block 11032905 done
  [ 39.6%] block 11032906 done
  [ 39.6%] block 11032907 done
  [ 39.7%] block 11032908 done
  [ 39.8%] block 11032909 done
  [ 39.8%] block 11032910 done
  [ 39.9%] block 11032911 done
  [ 39.9%] block 11032912 done
  [ 40.0%] block 11032913 done
Batch 11032914 → 11033013
  [ 40.0%] block 11032914 done
  [ 40.1%] block 11032915 done
  [ 40.1%] block 11032916 done
  [ 40.2%] block 11032917 done
  [ 40.2%] block 11032918 done
  [ 40.2%] block 11032919 done
  [ 40.3%] block 11032920 done
  [ 40.4%] block 11032921 done
  [ 40.4%] block 11032922 done
  [ 40.5%] block 11032923 done
  [ 40.5%] block 11032924 done
  [ 40.6%] block 11032925 done
  [ 40.6%] block 11032926 done
  [ 40.6%] block 11032927 done
  [ 40.7%] block 11032928 done
  [ 40.8%] block 11032929 done
  [ 40.8%] block 11032930 done
  [ 40.8%] block 11032931 done
  [ 40.9%] block 11032932 done
  [ 40.9%] block 11032933 done
  [ 41.0%] block 11032934 done
  [ 41.0%] block 11032935 done
  [ 41.1%] block 11032936 done
  [ 41.1%] block 11032937 done
  [ 41.2%] block 11032938 done
  [ 41.2%] block 11032939 done
  [ 41.3%] block 11032940 done
  [ 41.3%] block 11032941 done
  [ 41.4%] block 11032942 done
  [ 41.4%] block 11032943 done
  [ 41.5%] block 11032944 done
  [ 41.5%] block 11032945 done
  [ 41.6%] block 11032946 done
  [ 41.6%] block 11032947 done
  [ 41.7%] block 11032948 done
  [ 41.8%] block 11032949 done
  [ 41.8%] block 11032950 done
  [ 41.9%] block 11032951 done
  [ 41.9%] block 11032952 done
  [ 41.9%] block 11032953 done
  [ 42.0%] block 11032954 done
  [ 42.0%] block 11032955 done
  [ 42.1%] block 11032956 done
  [ 42.1%] block 11032957 done
  [ 42.2%] block 11032958 done
  [ 42.2%] block 11032959 done
  [ 42.3%] block 11032960 done
  [ 42.4%] block 11032961 done
  [ 42.4%] block 11032962 done
  [ 42.4%] block 11032963 done
  [ 42.5%] block 11032964 done
  [ 42.5%] block 11032965 done
  [ 42.6%] block 11032966 done
  [ 42.6%] block 11032967 done
  [ 42.7%] block 11032968 done
  [ 42.8%] block 11032969 done
  [ 42.8%] block 11032970 done
  [ 42.9%] block 11032971 done
  [ 42.9%] block 11032972 done
  [ 43.0%] block 11032973 done
  [ 43.0%] block 11032974 done
  [ 43.0%] block 11032975 done
  [ 43.1%] block 11032976 done
  [ 43.1%] block 11032977 done
  [ 43.2%] block 11032978 done
  [ 43.2%] block 11032979 done
  [ 43.3%] block 11032980 done
  [ 43.4%] block 11032981 done
  [ 43.4%] block 11032982 done
  [ 43.5%] block 11032983 done
  [ 43.5%] block 11032984 done
  [ 43.5%] block 11032985 done
  [ 43.6%] block 11032986 done
  [ 43.6%] block 11032987 done
  [ 43.7%] block 11032988 done
  [ 43.8%] block 11032989 done
  [ 43.8%] block 11032990 done
  [ 43.9%] block 11032991 done
  [ 43.9%] block 11032992 done
  [ 44.0%] block 11032993 done
  [ 44.0%] block 11032994 done
  [ 44.0%] block 11032995 done
  [ 44.1%] block 11032996 done
  [ 44.1%] block 11032997 done
  [ 44.2%] block 11032998 done
  [ 44.2%] block 11032999 done
  [ 44.3%] block 11033000 done
  [ 44.4%] block 11033001 done
  [ 44.4%] block 11033002 done
  [ 44.5%] block 11033003 done
  [ 44.5%] block 11033004 done
  [ 44.5%] block 11033005 done
  [ 44.6%] block 11033006 done
  [ 44.6%] block 11033007 done
  [ 44.7%] block 11033008 done
  [ 44.8%] block 11033009 done
  [ 44.8%] block 11033010 done
  [ 44.9%] block 11033011 done
  [ 44.9%] block 11033012 done
  [ 45.0%] block 11033013 done
Batch 11033014 → 11033113
  [ 45.0%] block 11033014 done
  [ 45.1%] block 11033015 done
  [ 45.1%] block 11033016 done
  [ 45.1%] block 11033017 done
  [ 45.2%] block 11033018 done
  [ 45.2%] block 11033019 done
  [ 45.3%] block 11033020 done
  [ 45.4%] block 11033021 done
  [ 45.4%] block 11033022 done
  [ 45.5%] block 11033023 done
  [ 45.5%] block 11033024 done
  [ 45.6%] block 11033025 done
  [ 45.6%] block 11033026 done
  [ 45.6%] block 11033027 done
  [ 45.7%] block 11033028 done
  [ 45.8%] block 11033029 done
  [ 45.8%] block 11033030 done
  [ 45.9%] block 11033031 done
  [ 45.9%] block 11033032 done
  [ 46.0%] block 11033033 done
  [ 46.0%] block 11033034 done
  [ 46.1%] block 11033035 done
  [ 46.1%] block 11033036 done
  [ 46.2%] block 11033037 done
  [ 46.2%] block 11033038 done
  [ 46.2%] block 11033039 done
  [ 46.3%] block 11033040 done
  [ 46.4%] block 11033041 done
  [ 46.4%] block 11033042 done
  [ 46.5%] block 11033043 done
  [ 46.5%] block 11033044 done
  [ 46.6%] block 11033045 done
  [ 46.6%] block 11033046 done
  [ 46.7%] block 11033047 done
  [ 46.7%] block 11033048 done
  [ 46.8%] block 11033049 done
  [ 46.8%] block 11033050 done
  [ 46.9%] block 11033051 done
  [ 46.9%] block 11033052 done
  [ 46.9%] block 11033053 done
  [ 47.0%] block 11033054 done
  [ 47.0%] block 11033055 done
  [ 47.1%] block 11033056 done
  [ 47.1%] block 11033057 done
  [ 47.2%] block 11033058 done
  [ 47.2%] block 11033059 done
  [ 47.3%] block 11033060 done
  [ 47.3%] block 11033061 done
  [ 47.4%] block 11033062 done
  [ 47.4%] block 11033063 done
  [ 47.5%] block 11033064 done
  [ 47.5%] block 11033065 done
  [ 47.6%] block 11033066 done
  [ 47.6%] block 11033067 done
  [ 47.7%] block 11033068 done
  [ 47.8%] block 11033069 done
  [ 47.8%] block 11033070 done
  [ 47.9%] block 11033071 done
  [ 47.9%] block 11033072 done
  [ 47.9%] block 11033073 done
  [ 48.0%] block 11033074 done
  [ 48.0%] block 11033075 done
  [ 48.1%] block 11033076 done
  [ 48.1%] block 11033077 done
  [ 48.2%] block 11033078 done
  [ 48.2%] block 11033079 done
  [ 48.3%] block 11033080 done
  [ 48.4%] block 11033081 done
  [ 48.4%] block 11033082 done
  [ 48.4%] block 11033083 done
  [ 48.5%] block 11033084 done
  [ 48.5%] block 11033085 done
  [ 48.6%] block 11033086 done
  [ 48.6%] block 11033087 done
  [ 48.7%] block 11033088 done
  [ 48.8%] block 11033089 done
  [ 48.8%] block 11033090 done
  [ 48.9%] block 11033091 done
  [ 48.9%] block 11033092 done
  [ 48.9%] block 11033093 done
  [ 49.0%] block 11033094 done
  [ 49.0%] block 11033095 done
  [ 49.1%] block 11033096 done
  [ 49.1%] block 11033097 done
  [ 49.2%] block 11033098 done
  [ 49.2%] block 11033099 done
  [ 49.3%] block 11033100 done
  [ 49.4%] block 11033101 done
  [ 49.4%] block 11033102 done
  [ 49.5%] block 11033103 done
  [ 49.5%] block 11033104 done
  [ 49.5%] block 11033105 done
  [ 49.6%] block 11033106 done
  [ 49.6%] block 11033107 done
  [ 49.7%] block 11033108 done
  [ 49.8%] block 11033109 done
  [ 49.8%] block 11033110 done
  [ 49.9%] block 11033111 done
  [ 49.9%] block 11033112 done
  [ 50.0%] block 11033113 done
Batch 11033114 → 11033213
  [ 50.0%] block 11033114 done
  [ 50.0%] block 11033115 done
  [ 50.1%] block 11033116 done
  [ 50.1%] block 11033117 done
  [ 50.2%] block 11033118 done
  [ 50.2%] block 11033119 done
  [ 50.3%] block 11033120 done
  [ 50.3%] block 11033121 done
  [ 50.4%] block 11033122 done
  [ 50.4%] block 11033123 done
  [ 50.5%] block 11033124 done
  [ 50.5%] block 11033125 done
  [ 50.6%] block 11033126 done
  [ 50.6%] block 11033127 done
  [ 50.7%] block 11033128 done
  [ 50.7%] block 11033129 done
  [ 50.8%] block 11033130 done
  [ 50.8%] block 11033131 done
  [ 50.9%] block 11033132 done
  [ 50.9%] block 11033133 done
  [ 51.0%] block 11033134 done
  [ 51.0%] block 11033135 done
  [ 51.1%] block 11033136 done
  [ 51.1%] block 11033137 done
  [ 51.2%] block 11033138 done
  [ 51.2%] block 11033139 done
  [ 51.3%] block 11033140 done
  [ 51.3%] block 11033141 done
  [ 51.4%] block 11033142 done
  [ 51.4%] block 11033143 done
  [ 51.5%] block 11033144 done
  [ 51.5%] block 11033145 done
  [ 51.6%] block 11033146 done
  [ 51.6%] block 11033147 done
  [ 51.7%] block 11033148 done
  [ 51.7%] block 11033149 done
  [ 51.8%] block 11033150 done
  [ 51.8%] block 11033151 done
  [ 51.9%] block 11033152 done
  [ 51.9%] block 11033153 done
  [ 52.0%] block 11033154 done
  [ 52.0%] block 11033155 done
  [ 52.1%] block 11033156 done
  [ 52.1%] block 11033157 done
  [ 52.2%] block 11033158 done
  [ 52.2%] block 11033159 done
  [ 52.3%] block 11033160 done
  [ 52.3%] block 11033161 done
  [ 52.4%] block 11033162 done
  [ 52.4%] block 11033163 done
  [ 52.5%] block 11033164 done
  [ 52.5%] block 11033165 done
  [ 52.6%] block 11033166 done
  [ 52.6%] block 11033167 done
  [ 52.7%] block 11033168 done
  [ 52.8%] block 11033169 done
  [ 52.8%] block 11033170 done
  [ 52.8%] block 11033171 done
  [ 52.9%] block 11033172 done
  [ 52.9%] block 11033173 done
  [ 53.0%] block 11033174 done
  [ 53.0%] block 11033175 done
  [ 53.1%] block 11033176 done
  [ 53.1%] block 11033177 done
  [ 53.2%] block 11033178 done
  [ 53.2%] block 11033179 done
  [ 53.3%] block 11033180 done
  [ 53.3%] block 11033181 done
  [ 53.4%] block 11033182 done
  [ 53.4%] block 11033183 done
  [ 53.5%] block 11033184 done
  [ 53.5%] block 11033185 done
  [ 53.6%] block 11033186 done
  [ 53.6%] block 11033187 done
  [ 53.7%] block 11033188 done
  [ 53.8%] block 11033189 done
  [ 53.8%] block 11033190 done
  [ 53.8%] block 11033191 done
  [ 53.9%] block 11033192 done
  [ 53.9%] block 11033193 done
  [ 54.0%] block 11033194 done
  [ 54.0%] block 11033195 done
  [ 54.1%] block 11033196 done
  [ 54.1%] block 11033197 done
  [ 54.2%] block 11033198 done
  [ 54.2%] block 11033199 done
  [ 54.3%] block 11033200 done
  [ 54.4%] block 11033201 done
  [ 54.4%] block 11033202 done
  [ 54.4%] block 11033203 done
  [ 54.5%] block 11033204 done
  [ 54.5%] block 11033205 done
  [ 54.6%] block 11033206 done
  [ 54.6%] block 11033207 done
  [ 54.7%] block 11033208 done
  [ 54.8%] block 11033209 done
  [ 54.8%] block 11033210 done
  [ 54.9%] block 11033211 done
  [ 54.9%] block 11033212 done
  [ 54.9%] block 11033213 done
Batch 11033214 → 11033313
  [ 55.0%] block 11033214 done
  [ 55.0%] block 11033215 done
  [ 55.1%] block 11033216 done
  [ 55.1%] block 11033217 done
  [ 55.2%] block 11033218 done
  [ 55.2%] block 11033219 done
  [ 55.3%] block 11033220 done
  [ 55.4%] block 11033221 done
  [ 55.4%] block 11033222 done
  [ 55.5%] block 11033223 done
  [ 55.5%] block 11033224 done
  [ 55.5%] block 11033225 done
  [ 55.6%] block 11033226 done
  [ 55.6%] block 11033227 done
  [ 55.7%] block 11033228 done
  [ 55.8%] block 11033229 done
  [ 55.8%] block 11033230 done
  [ 55.9%] block 11033231 done
  [ 55.9%] block 11033232 done
  [ 56.0%] block 11033233 done
  [ 56.0%] block 11033234 done
  [ 56.0%] block 11033235 done
  [ 56.1%] block 11033236 done
  [ 56.1%] block 11033237 done
  [ 56.2%] block 11033238 done
  [ 56.2%] block 11033239 done
  [ 56.3%] block 11033240 done
  [ 56.4%] block 11033241 done
  [ 56.4%] block 11033242 done
  [ 56.5%] block 11033243 done
  [ 56.5%] block 11033244 done
  [ 56.5%] block 11033245 done
  [ 56.6%] block 11033246 done
  [ 56.6%] block 11033247 done
  [ 56.7%] block 11033248 done
  [ 56.8%] block 11033249 done
  [ 56.8%] block 11033250 done
  [ 56.9%] block 11033251 done
  [ 56.9%] block 11033252 done
  [ 57.0%] block 11033253 done
  [ 57.0%] block 11033254 done
  [ 57.0%] block 11033255 done
  [ 57.1%] block 11033256 done
  [ 57.1%] block 11033257 done
  [ 57.2%] block 11033258 done
  [ 57.2%] block 11033259 done
  [ 57.3%] block 11033260 done
  [ 57.4%] block 11033261 done
  [ 57.4%] block 11033262 done
  [ 57.5%] block 11033263 done
  [ 57.5%] block 11033264 done
  [ 57.6%] block 11033265 done
  [ 57.6%] block 11033266 done
  [ 57.6%] block 11033267 done
  [ 57.7%] block 11033268 done
  [ 57.8%] block 11033269 done
  [ 57.8%] block 11033270 done
  [ 57.9%] block 11033271 done
  [ 57.9%] block 11033272 done
  [ 58.0%] block 11033273 done
  [ 58.0%] block 11033274 done
  [ 58.1%] block 11033275 done
  [ 58.1%] block 11033276 done
  [ 58.1%] block 11033277 done
  [ 58.2%] block 11033278 done
  [ 58.2%] block 11033279 done
  [ 58.3%] block 11033280 done
  [ 58.4%] block 11033281 done
  [ 58.4%] block 11033282 done
  [ 58.5%] block 11033283 done
  [ 58.5%] block 11033284 done
  [ 58.6%] block 11033285 done
  [ 58.6%] block 11033286 done
  [ 58.7%] block 11033287 done
  [ 58.7%] block 11033288 done
  [ 58.8%] block 11033289 done
  [ 58.8%] block 11033290 done
  [ 58.9%] block 11033291 done
  [ 58.9%] block 11033292 done
  [ 59.0%] block 11033293 done
  [ 59.0%] block 11033294 done
  [ 59.1%] block 11033295 done
  [ 59.1%] block 11033296 done
  [ 59.2%] block 11033297 done
  [ 59.2%] block 11033298 done
  [ 59.2%] block 11033299 done
  [ 59.3%] block 11033300 done
  [ 59.4%] block 11033301 done
  [ 59.4%] block 11033302 done
  [ 59.5%] block 11033303 done
  [ 59.5%] block 11033304 done
  [ 59.6%] block 11033305 done
  [ 59.6%] block 11033306 done
  [ 59.7%] block 11033307 done
  [ 59.7%] block 11033308 done
  [ 59.8%] block 11033309 done
  [ 59.8%] block 11033310 done
  [ 59.9%] block 11033311 done
  [ 59.9%] block 11033312 done
  [ 60.0%] block 11033313 done
Batch 11033314 → 11033413
  [ 60.0%] block 11033314 done
  [ 60.1%] block 11033315 done
  [ 60.1%] block 11033316 done
  [ 60.2%] block 11033317 done
  [ 60.2%] block 11033318 done
  [ 60.2%] block 11033319 done
  [ 60.3%] block 11033320 done
  [ 60.4%] block 11033321 done
  [ 60.4%] block 11033322 done
  [ 60.5%] block 11033323 done
  [ 60.5%] block 11033324 done
  [ 60.6%] block 11033325 done
  [ 60.6%] block 11033326 done
  [ 60.7%] block 11033327 done
  [ 60.7%] block 11033328 done
  [ 60.8%] block 11033329 done
  [ 60.8%] block 11033330 done
  [ 60.9%] block 11033331 done
  [ 60.9%] block 11033332 done
  [ 61.0%] block 11033333 done
  [ 61.0%] block 11033334 done
  [ 61.1%] block 11033335 done
  [ 61.1%] block 11033336 done
  [ 61.2%] block 11033337 done
  [ 61.2%] block 11033338 done
  [ 61.3%] block 11033339 done
  [ 61.3%] block 11033340 done
  [ 61.4%] block 11033341 done
  [ 61.4%] block 11033342 done
  [ 61.5%] block 11033343 done
  [ 61.5%] block 11033344 done
  [ 61.6%] block 11033345 done
  [ 61.6%] block 11033346 done
  [ 61.7%] block 11033347 done
  [ 61.7%] block 11033348 done
  [ 61.8%] block 11033349 done
  [ 61.8%] block 11033350 done
  [ 61.9%] block 11033351 done
  [ 61.9%] block 11033352 done
  [ 62.0%] block 11033353 done
  [ 62.0%] block 11033354 done
  [ 62.1%] block 11033355 done
  [ 62.1%] block 11033356 done
  [ 62.2%] block 11033357 done
  [ 62.2%] block 11033358 done
  [ 62.3%] block 11033359 done
  [ 62.3%] block 11033360 done
  [ 62.4%] block 11033361 done
  [ 62.4%] block 11033362 done
  [ 62.5%] block 11033363 done
  [ 62.5%] block 11033364 done
  [ 62.5%] block 11033365 done
  [ 62.6%] block 11033366 done
  [ 62.6%] block 11033367 done
  [ 62.7%] block 11033368 done
  [ 62.7%] block 11033369 done
  [ 62.8%] block 11033370 done
  [ 62.8%] block 11033371 done
  [ 62.9%] block 11033372 done
  [ 62.9%] block 11033373 done
  [ 63.0%] block 11033374 done
  [ 63.0%] block 11033375 done
  [ 63.1%] block 11033376 done
  [ 63.1%] block 11033377 done
  [ 63.2%] block 11033378 done
  [ 63.2%] block 11033379 done
  [ 63.3%] block 11033380 done
  [ 63.3%] block 11033381 done
  [ 63.4%] block 11033382 done
  [ 63.4%] block 11033383 done
  [ 63.5%] block 11033384 done
  [ 63.5%] block 11033385 done
  [ 63.6%] block 11033386 done
  [ 63.6%] block 11033387 done
  [ 63.7%] block 11033388 done
  [ 63.7%] block 11033389 done
  [ 63.8%] block 11033390 done
  [ 63.8%] block 11033391 done
  [ 63.9%] block 11033392 done
  [ 63.9%] block 11033393 done
  [ 64.0%] block 11033394 done
  [ 64.0%] block 11033395 done
  [ 64.1%] block 11033396 done
  [ 64.1%] block 11033397 done
  [ 64.2%] block 11033398 done
  [ 64.2%] block 11033399 done
  [ 64.3%] block 11033400 done
  [ 64.3%] block 11033401 done
  [ 64.4%] block 11033402 done
  [ 64.5%] block 11033403 done
  [ 64.5%] block 11033404 done
  [ 64.5%] block 11033405 done
  [ 64.6%] block 11033406 done
  [ 64.6%] block 11033407 done
  [ 64.7%] block 11033408 done
  [ 64.8%] block 11033409 done
  [ 64.8%] block 11033410 done
  [ 64.8%] block 11033411 done
  [ 64.9%] block 11033412 done
  [ 65.0%] block 11033413 done
Batch 11033414 → 11033513
  [ 65.0%] block 11033414 done
  [ 65.0%] block 11033415 done
  [ 65.1%] block 11033416 done
  [ 65.1%] block 11033417 done
  [ 65.2%] block 11033418 done
  [ 65.2%] block 11033419 done
  [ 65.3%] block 11033420 done
  [ 65.3%] block 11033421 done
  [ 65.4%] block 11033422 done
  [ 65.5%] block 11033423 done
  [ 65.5%] block 11033424 done
  [ 65.5%] block 11033425 done
  [ 65.6%] block 11033426 done
  [ 65.6%] block 11033427 done
  [ 65.7%] block 11033428 done
  [ 65.8%] block 11033429 done
  [ 65.8%] block 11033430 done
  [ 65.8%] block 11033431 done
  [ 65.9%] block 11033432 done
  [ 66.0%] block 11033433 done
  [ 66.0%] block 11033434 done
  [ 66.0%] block 11033435 done
  [ 66.1%] block 11033436 done
  [ 66.1%] block 11033437 done
  [ 66.2%] block 11033438 done
  [ 66.2%] block 11033439 done
  [ 66.3%] block 11033440 done
  [ 66.3%] block 11033441 done
  [ 66.4%] block 11033442 done
  [ 66.5%] block 11033443 done
  [ 66.5%] block 11033444 done
  [ 66.5%] block 11033445 done
  [ 66.6%] block 11033446 done
  [ 66.6%] block 11033447 done
  [ 66.7%] block 11033448 done
  [ 66.8%] block 11033449 done
  [ 66.8%] block 11033450 done
  [ 66.8%] block 11033451 done
  [ 66.9%] block 11033452 done
  [ 67.0%] block 11033453 done
  [ 67.0%] block 11033454 done
  [ 67.0%] block 11033455 done
  [ 67.1%] block 11033456 done
  [ 67.2%] block 11033457 done
  [ 67.2%] block 11033458 done
  [ 67.2%] block 11033459 done
  [ 67.3%] block 11033460 done
  [ 67.3%] block 11033461 done
  [ 67.4%] block 11033462 done
  [ 67.5%] block 11033463 done
  [ 67.5%] block 11033464 done
  [ 67.5%] block 11033465 done
  [ 67.6%] block 11033466 done
  [ 67.7%] block 11033467 done
  [ 67.7%] block 11033468 done
  [ 67.8%] block 11033469 done
  [ 67.8%] block 11033470 done
  [ 67.8%] block 11033471 done
  [ 67.9%] block 11033472 done
  [ 68.0%] block 11033473 done
  [ 68.0%] block 11033474 done
  [ 68.0%] block 11033475 done
  [ 68.1%] block 11033476 done
  [ 68.2%] block 11033477 done
  [ 68.2%] block 11033478 done
  [ 68.2%] block 11033479 done
  [ 68.3%] block 11033480 done
  [ 68.3%] block 11033481 done
  [ 68.4%] block 11033482 done
  [ 68.5%] block 11033483 done
  [ 68.5%] block 11033484 done
  [ 68.5%] block 11033485 done
  [ 68.6%] block 11033486 done
  [ 68.7%] block 11033487 done
  [ 68.7%] block 11033488 done
  [ 68.8%] block 11033489 done
  [ 68.8%] block 11033490 done
  [ 68.8%] block 11033491 done
  [ 68.9%] block 11033492 done
  [ 69.0%] block 11033493 done
  [ 69.0%] block 11033494 done
  [ 69.0%] block 11033495 done
  [ 69.1%] block 11033496 done
  [ 69.2%] block 11033497 done
  [ 69.2%] block 11033498 done
  [ 69.2%] block 11033499 done
  [ 69.3%] block 11033500 done
  [ 69.3%] block 11033501 done
  [ 69.4%] block 11033502 done
  [ 69.5%] block 11033503 done
  [ 69.5%] block 11033504 done
  [ 69.5%] block 11033505 done
  [ 69.6%] block 11033506 done
  [ 69.7%] block 11033507 done
  [ 69.7%] block 11033508 done
  [ 69.8%] block 11033509 done
  [ 69.8%] block 11033510 done
  [ 69.8%] block 11033511 done
  [ 69.9%] block 11033512 done
  [ 70.0%] block 11033513 done
Batch 11033514 → 11033613
  [ 70.0%] block 11033514 done
  [ 70.0%] block 11033515 done
  [ 70.1%] block 11033516 done
  [ 70.2%] block 11033517 done
  [ 70.2%] block 11033518 done
  [ 70.2%] block 11033519 done
  [ 70.3%] block 11033520 done
  [ 70.3%] block 11033521 done
  [ 70.4%] block 11033522 done
  [ 70.5%] block 11033523 done
  [ 70.5%] block 11033524 done
  [ 70.5%] block 11033525 done
  [ 70.6%] block 11033526 done
  [ 70.7%] block 11033527 done
  [ 70.7%] block 11033528 done
  [ 70.8%] block 11033529 done
  [ 70.8%] block 11033530 done
  [ 70.9%] block 11033531 done
  [ 70.9%] block 11033532 done
  [ 71.0%] block 11033533 done
  [ 71.0%] block 11033534 done
  [ 71.0%] block 11033535 done
  [ 71.1%] block 11033536 done
  [ 71.2%] block 11033537 done
  [ 71.2%] block 11033538 done
  [ 71.2%] block 11033539 done
  [ 71.3%] block 11033540 done
  [ 71.4%] block 11033541 done
  [ 71.4%] block 11033542 done
  [ 71.5%] block 11033543 done
  [ 71.5%] block 11033544 done
  [ 71.5%] block 11033545 done
  [ 71.6%] block 11033546 done
  [ 71.7%] block 11033547 done
  [ 71.7%] block 11033548 done
  [ 71.8%] block 11033549 done
  [ 71.8%] block 11033550 done
  [ 71.9%] block 11033551 done
  [ 71.9%] block 11033552 done
  [ 72.0%] block 11033553 done
  [ 72.0%] block 11033554 done
  [ 72.0%] block 11033555 done
  [ 72.1%] block 11033556 done
  [ 72.2%] block 11033557 done
  [ 72.2%] block 11033558 done
  [ 72.2%] block 11033559 done
  [ 72.3%] block 11033560 done
  [ 72.4%] block 11033561 done
  [ 72.4%] block 11033562 done
  [ 72.5%] block 11033563 done
  [ 72.5%] block 11033564 done
  [ 72.5%] block 11033565 done
  [ 72.6%] block 11033566 done
  [ 72.7%] block 11033567 done
  [ 72.7%] block 11033568 done
  [ 72.8%] block 11033569 done
  [ 72.8%] block 11033570 done
  [ 72.9%] block 11033571 done
  [ 72.9%] block 11033572 done
  [ 73.0%] block 11033573 done
  [ 73.0%] block 11033574 done
  [ 73.0%] block 11033575 done
  [ 73.1%] block 11033576 done
  [ 73.2%] block 11033577 done
  [ 73.2%] block 11033578 done
  [ 73.2%] block 11033579 done
  [ 73.3%] block 11033580 done
  [ 73.4%] block 11033581 done
  [ 73.4%] block 11033582 done
  [ 73.5%] block 11033583 done
  [ 73.5%] block 11033584 done
  [ 73.6%] block 11033585 done
  [ 73.6%] block 11033586 done
  [ 73.7%] block 11033587 done
  [ 73.7%] block 11033588 done
  [ 73.8%] block 11033589 done
  [ 73.8%] block 11033590 done
  [ 73.9%] block 11033591 done
  [ 73.9%] block 11033592 done
  [ 74.0%] block 11033593 done
  [ 74.0%] block 11033594 done
  [ 74.1%] block 11033595 done
  [ 74.1%] block 11033596 done
  [ 74.2%] block 11033597 done
  [ 74.2%] block 11033598 done
  [ 74.2%] block 11033599 done
  [ 74.3%] block 11033600 done
  [ 74.4%] block 11033601 done
  [ 74.4%] block 11033602 done
  [ 74.5%] block 11033603 done
  [ 74.5%] block 11033604 done
  [ 74.6%] block 11033605 done
  [ 74.6%] block 11033606 done
  [ 74.7%] block 11033607 done
  [ 74.7%] block 11033608 done
  [ 74.8%] block 11033609 done
  [ 74.8%] block 11033610 done
  [ 74.9%] block 11033611 done
  [ 74.9%] block 11033612 done
  [ 75.0%] block 11033613 done
Batch 11033614 → 11033713
  [ 75.0%] block 11033614 done
  [ 75.0%] block 11033615 done
  [ 75.1%] block 11033616 done
  [ 75.1%] block 11033617 done
  [ 75.2%] block 11033618 done
  [ 75.2%] block 11033619 done
  [ 75.3%] block 11033620 done
  [ 75.3%] block 11033621 done
  [ 75.4%] block 11033622 done
  [ 75.4%] block 11033623 done
  [ 75.5%] block 11033624 done
  [ 75.5%] block 11033625 done
  [ 75.6%] block 11033626 done
  [ 75.6%] block 11033627 done
  [ 75.7%] block 11033628 done
  [ 75.8%] block 11033629 done
  [ 75.8%] block 11033630 done
  [ 75.8%] block 11033631 done
  [ 75.9%] block 11033632 done
  [ 75.9%] block 11033633 done
  [ 76.0%] block 11033634 done
  [ 76.0%] block 11033635 done
  [ 76.1%] block 11033636 done
  [ 76.1%] block 11033637 done
  [ 76.2%] block 11033638 done
  [ 76.2%] block 11033639 done
  [ 76.3%] block 11033640 done
  [ 76.3%] block 11033641 done
  [ 76.4%] block 11033642 done
  [ 76.4%] block 11033643 done
  [ 76.5%] block 11033644 done
  [ 76.5%] block 11033645 done
  [ 76.6%] block 11033646 done
  [ 76.6%] block 11033647 done
  [ 76.7%] block 11033648 done
  [ 76.8%] block 11033649 done
  [ 76.8%] block 11033650 done
  [ 76.8%] block 11033651 done
  [ 76.9%] block 11033652 done
  [ 77.0%] block 11033653 done
  [ 77.0%] block 11033654 done
  [ 77.0%] block 11033655 done
  [ 77.1%] block 11033656 done
  [ 77.1%] block 11033657 done
  [ 77.2%] block 11033658 done
  [ 77.2%] block 11033659 done
  [ 77.3%] block 11033660 done
  [ 77.3%] block 11033661 done
  [ 77.4%] block 11033662 done
  [ 77.5%] block 11033663 done
  [ 77.5%] block 11033664 done
  [ 77.5%] block 11033665 done
  [ 77.6%] block 11033666 done
  [ 77.6%] block 11033667 done
  [ 77.7%] block 11033668 done
  [ 77.8%] block 11033669 done
  [ 77.8%] block 11033670 done
  [ 77.8%] block 11033671 done
  [ 77.9%] block 11033672 done
  [ 78.0%] block 11033673 done
  [ 78.0%] block 11033674 done
  [ 78.0%] block 11033675 done
  [ 78.1%] block 11033676 done
  [ 78.1%] block 11033677 done
  [ 78.2%] block 11033678 done
  [ 78.2%] block 11033679 done
  [ 78.3%] block 11033680 done
  [ 78.3%] block 11033681 done
  [ 78.4%] block 11033682 done
  [ 78.5%] block 11033683 done
  [ 78.5%] block 11033684 done
  [ 78.5%] block 11033685 done
  [ 78.6%] block 11033686 done
  [ 78.6%] block 11033687 done
  [ 78.7%] block 11033688 done
  [ 78.8%] block 11033689 done
  [ 78.8%] block 11033690 done
  [ 78.8%] block 11033691 done
  [ 78.9%] block 11033692 done
  [ 79.0%] block 11033693 done
  [ 79.0%] block 11033694 done
  [ 79.0%] block 11033695 done
  [ 79.1%] block 11033696 done
  [ 79.1%] block 11033697 done
  [ 79.2%] block 11033698 done
  [ 79.2%] block 11033699 done
  [ 79.3%] block 11033700 done
  [ 79.3%] block 11033701 done
  [ 79.4%] block 11033702 done
  [ 79.5%] block 11033703 done
  [ 79.5%] block 11033704 done
  [ 79.5%] block 11033705 done
  [ 79.6%] block 11033706 done
  [ 79.7%] block 11033707 done
  [ 79.7%] block 11033708 done
  [ 79.8%] block 11033709 done
  [ 79.8%] block 11033710 done
  [ 79.8%] block 11033711 done
  [ 79.9%] block 11033712 done
  [ 80.0%] block 11033713 done
Batch 11033714 → 11033813
  [ 80.0%] block 11033714 done
  [ 80.0%] block 11033715 done
  [ 80.1%] block 11033716 done
  [ 80.2%] block 11033717 done
  [ 80.2%] block 11033718 done
  [ 80.2%] block 11033719 done
  [ 80.3%] block 11033720 done
  [ 80.3%] block 11033721 done
  [ 80.4%] block 11033722 done
  [ 80.5%] block 11033723 done
  [ 80.5%] block 11033724 done
  [ 80.5%] block 11033725 done
  [ 80.6%] block 11033726 done
  [ 80.7%] block 11033727 done
  [ 80.7%] block 11033728 done
  [ 80.8%] block 11033729 done
  [ 80.8%] block 11033730 done
  [ 80.8%] block 11033731 done
  [ 80.9%] block 11033732 done
  [ 81.0%] block 11033733 done
  [ 81.0%] block 11033734 done
  [ 81.0%] block 11033735 done
  [ 81.1%] block 11033736 done
  [ 81.2%] block 11033737 done
  [ 81.2%] block 11033738 done
  [ 81.2%] block 11033739 done
  [ 81.3%] block 11033740 done
  [ 81.3%] block 11033741 done
  [ 81.4%] block 11033742 done
  [ 81.5%] block 11033743 done
  [ 81.5%] block 11033744 done
  [ 81.5%] block 11033745 done
  [ 81.6%] block 11033746 done
  [ 81.7%] block 11033747 done
  [ 81.7%] block 11033748 done
  [ 81.8%] block 11033749 done
  [ 81.8%] block 11033750 done
  [ 81.8%] block 11033751 done
  [ 81.9%] block 11033752 done
  [ 82.0%] block 11033753 done
  [ 82.0%] block 11033754 done
  [ 82.0%] block 11033755 done
  [ 82.1%] block 11033756 done
  [ 82.2%] block 11033757 done
  [ 82.2%] block 11033758 done
  [ 82.2%] block 11033759 done
  [ 82.3%] block 11033760 done
  [ 82.3%] block 11033761 done
  [ 82.4%] block 11033762 done
  [ 82.5%] block 11033763 done
  [ 82.5%] block 11033764 done
  [ 82.5%] block 11033765 done
  [ 82.6%] block 11033766 done
  [ 82.7%] block 11033767 done
  [ 82.7%] block 11033768 done
  [ 82.8%] block 11033769 done
  [ 82.8%] block 11033770 done
  [ 82.8%] block 11033771 done
  [ 82.9%] block 11033772 done
  [ 83.0%] block 11033773 done
  [ 83.0%] block 11033774 done
  [ 83.0%] block 11033775 done
  [ 83.1%] block 11033776 done
  [ 83.2%] block 11033777 done
  [ 83.2%] block 11033778 done
  [ 83.2%] block 11033779 done
  [ 83.3%] block 11033780 done
  [ 83.4%] block 11033781 done
  [ 83.4%] block 11033782 done
  [ 83.5%] block 11033783 done
  [ 83.5%] block 11033784 done
  [ 83.5%] block 11033785 done
  [ 83.6%] block 11033786 done
  [ 83.7%] block 11033787 done
  [ 83.7%] block 11033788 done
  [ 83.8%] block 11033789 done
  [ 83.8%] block 11033790 done
  [ 83.9%] block 11033791 done
  [ 83.9%] block 11033792 done
  [ 84.0%] block 11033793 done
  [ 84.0%] block 11033794 done
  [ 84.0%] block 11033795 done
  [ 84.1%] block 11033796 done
  [ 84.2%] block 11033797 done
  [ 84.2%] block 11033798 done
  [ 84.2%] block 11033799 done
  [ 84.3%] block 11033800 done
  [ 84.4%] block 11033801 done
  [ 84.4%] block 11033802 done
  [ 84.5%] block 11033803 done
  [ 84.5%] block 11033804 done
  [ 84.5%] block 11033805 done
  [ 84.6%] block 11033806 done
  [ 84.7%] block 11033807 done
  [ 84.7%] block 11033808 done
  [ 84.8%] block 11033809 done
  [ 84.8%] block 11033810 done
  [ 84.9%] block 11033811 done
  [ 84.9%] block 11033812 done
  [ 85.0%] block 11033813 done
Batch 11033814 → 11033913
  [ 85.0%] block 11033814 done
  [ 85.0%] block 11033815 done
  [ 85.1%] block 11033816 done
  [ 85.2%] block 11033817 done
  [ 85.2%] block 11033818 done
  [ 85.2%] block 11033819 done
  [ 85.3%] block 11033820 done
  [ 85.4%] block 11033821 done
  [ 85.4%] block 11033822 done
  [ 85.5%] block 11033823 done
  [ 85.5%] block 11033824 done
  [ 85.5%] block 11033825 done
  [ 85.6%] block 11033826 done
  [ 85.7%] block 11033827 done
  [ 85.7%] block 11033828 done
  [ 85.8%] block 11033829 done
  [ 85.8%] block 11033830 done
  [ 85.9%] block 11033831 done
  [ 85.9%] block 11033832 done
  [ 86.0%] block 11033833 done
  [ 86.0%] block 11033834 done
  [ 86.1%] block 11033835 done
  [ 86.1%] block 11033836 done
  [ 86.2%] block 11033837 done
  [ 86.2%] block 11033838 done
  [ 86.2%] block 11033839 done
  [ 86.3%] block 11033840 done
  [ 86.4%] block 11033841 done
  [ 86.4%] block 11033842 done
  [ 86.5%] block 11033843 done
  [ 86.5%] block 11033844 done
  [ 86.6%] block 11033845 done
  [ 86.6%] block 11033846 done
  [ 86.7%] block 11033847 done
  [ 86.7%] block 11033848 done
  [ 86.8%] block 11033849 done
  [ 86.8%] block 11033850 done
  [ 86.9%] block 11033851 done
  [ 86.9%] block 11033852 done
  [ 87.0%] block 11033853 done
  [ 87.0%] block 11033854 done
  [ 87.1%] block 11033855 done
  [ 87.1%] block 11033856 done
  [ 87.2%] block 11033857 done
  [ 87.2%] block 11033858 done
  [ 87.2%] block 11033859 done
  [ 87.3%] block 11033860 done
  [ 87.4%] block 11033861 done
  [ 87.4%] block 11033862 done
  [ 87.5%] block 11033863 done
  [ 87.5%] block 11033864 done
  [ 87.5%] block 11033865 done
  [ 87.6%] block 11033866 done
  [ 87.6%] block 11033867 done
  [ 87.7%] block 11033868 done
  [ 87.8%] block 11033869 done
  [ 87.8%] block 11033870 done
  [ 87.8%] block 11033871 done
  [ 87.9%] block 11033872 done
  [ 87.9%] block 11033873 done
  [ 88.0%] block 11033874 done
  [ 88.0%] block 11033875 done
  [ 88.1%] block 11033876 done
  [ 88.1%] block 11033877 done
  [ 88.2%] block 11033878 done
  [ 88.2%] block 11033879 done
  [ 88.3%] block 11033880 done
  [ 88.3%] block 11033881 done
  [ 88.4%] block 11033882 done
  [ 88.4%] block 11033883 done
  [ 88.5%] block 11033884 done
  [ 88.5%] block 11033885 done
  [ 88.6%] block 11033886 done
  [ 88.6%] block 11033887 done
  [ 88.7%] block 11033888 done
  [ 88.8%] block 11033889 done
  [ 88.8%] block 11033890 done
  [ 88.8%] block 11033891 done
  [ 88.9%] block 11033892 done
  [ 88.9%] block 11033893 done
  [ 89.0%] block 11033894 done
  [ 89.0%] block 11033895 done
  [ 89.1%] block 11033896 done
  [ 89.1%] block 11033897 done
  [ 89.2%] block 11033898 done
  [ 89.2%] block 11033899 done
  [ 89.3%] block 11033900 done
  [ 89.3%] block 11033901 done
  [ 89.4%] block 11033902 done
  [ 89.5%] block 11033903 done
  [ 89.5%] block 11033904 done
  [ 89.5%] block 11033905 done
  [ 89.6%] block 11033906 done
  [ 89.6%] block 11033907 done
  [ 89.7%] block 11033908 done
  [ 89.8%] block 11033909 done
  [ 89.8%] block 11033910 done
  [ 89.8%] block 11033911 done
  [ 89.9%] block 11033912 done
  [ 90.0%] block 11033913 done
Batch 11033914 → 11034013
  [ 90.0%] block 11033914 done
  [ 90.0%] block 11033915 done
  [ 90.1%] block 11033916 done
  [ 90.1%] block 11033917 done
  [ 90.2%] block 11033918 done
  [ 90.2%] block 11033919 done
  [ 90.3%] block 11033920 done
  [ 90.3%] block 11033921 done
  [ 90.4%] block 11033922 done
  [ 90.5%] block 11033923 done
  [ 90.5%] block 11033924 done
  [ 90.5%] block 11033925 done
  [ 90.6%] block 11033926 done
  [ 90.6%] block 11033927 done
  [ 90.7%] block 11033928 done
  [ 90.8%] block 11033929 done
  [ 90.8%] block 11033930 done
  [ 90.8%] block 11033931 done
  [ 90.9%] block 11033932 done
  [ 91.0%] block 11033933 done
  [ 91.0%] block 11033934 done
  [ 91.0%] block 11033935 done
  [ 91.1%] block 11033936 done
  [ 91.1%] block 11033937 done
  [ 91.2%] block 11033938 done
  [ 91.2%] block 11033939 done
  [ 91.3%] block 11033940 done
  [ 91.3%] block 11033941 done
  [ 91.4%] block 11033942 done
  [ 91.5%] block 11033943 done
  [ 91.5%] block 11033944 done
  [ 91.5%] block 11033945 done
  [ 91.6%] block 11033946 done
  [ 91.6%] block 11033947 done
  [ 91.7%] block 11033948 done
  [ 91.8%] block 11033949 done
  [ 91.8%] block 11033950 done
  [ 91.8%] block 11033951 done
  [ 91.9%] block 11033952 done
  [ 92.0%] block 11033953 done
  [ 92.0%] block 11033954 done
  [ 92.0%] block 11033955 done
  [ 92.1%] block 11033956 done
  [ 92.2%] block 11033957 done
  [ 92.2%] block 11033958 done
  [ 92.2%] block 11033959 done
  [ 92.3%] block 11033960 done
  [ 92.3%] block 11033961 done
  [ 92.4%] block 11033962 done
  [ 92.5%] block 11033963 done
  [ 92.5%] block 11033964 done
  [ 92.5%] block 11033965 done
  [ 92.6%] block 11033966 done
  [ 92.7%] block 11033967 done
  [ 92.7%] block 11033968 done
  [ 92.8%] block 11033969 done
  [ 92.8%] block 11033970 done
  [ 92.8%] block 11033971 done
  [ 92.9%] block 11033972 done
  [ 93.0%] block 11033973 done
  [ 93.0%] block 11033974 done
  [ 93.0%] block 11033975 done
  [ 93.1%] block 11033976 done
  [ 93.2%] block 11033977 done
  [ 93.2%] block 11033978 done
  [ 93.2%] block 11033979 done
  [ 93.3%] block 11033980 done
  [ 93.3%] block 11033981 done
  [ 93.4%] block 11033982 done
  [ 93.5%] block 11033983 done
  [ 93.5%] block 11033984 done
  [ 93.5%] block 11033985 done
  [ 93.6%] block 11033986 done
  [ 93.7%] block 11033987 done
  [ 93.7%] block 11033988 done
  [ 93.8%] block 11033989 done
  [ 93.8%] block 11033990 done
  [ 93.8%] block 11033991 done
  [ 93.9%] block 11033992 done
  [ 94.0%] block 11033993 done
  [ 94.0%] block 11033994 done
  [ 94.0%] block 11033995 done
  [ 94.1%] block 11033996 done
  [ 94.2%] block 11033997 done
  [ 94.2%] block 11033998 done
  [ 94.2%] block 11033999 done
  [ 94.3%] block 11034000 done
  [ 94.3%] block 11034001 done
  [ 94.4%] block 11034002 done
  [ 94.5%] block 11034003 done
  [ 94.5%] block 11034004 done
  [ 94.5%] block 11034005 done
  [ 94.6%] block 11034006 done
  [ 94.7%] block 11034007 done
  [ 94.7%] block 11034008 done
  [ 94.8%] block 11034009 done
  [ 94.8%] block 11034010 done
  [ 94.8%] block 11034011 done
  [ 94.9%] block 11034012 done
  [ 95.0%] block 11034013 done
Batch 11034014 → 11034113
  [ 95.0%] block 11034014 done
  [ 95.0%] block 11034015 done
  [ 95.1%] block 11034016 done
  [ 95.2%] block 11034017 done
  [ 95.2%] block 11034018 done
  [ 95.2%] block 11034019 done
  [ 95.3%] block 11034020 done
  [ 95.3%] block 11034021 done
  [ 95.4%] block 11034022 done
  [ 95.5%] block 11034023 done
  [ 95.5%] block 11034024 done
  [ 95.5%] block 11034025 done
  [ 95.6%] block 11034026 done
  [ 95.7%] block 11034027 done
  [ 95.7%] block 11034028 done
  [ 95.8%] block 11034029 done
  [ 95.8%] block 11034030 done
  [ 95.9%] block 11034031 done
  [ 95.9%] block 11034032 done
  [ 96.0%] block 11034033 done
  [ 96.0%] block 11034034 done
  [ 96.0%] block 11034035 done
  [ 96.1%] block 11034036 done
  [ 96.2%] block 11034037 done
  [ 96.2%] block 11034038 done
  [ 96.2%] block 11034039 done
  [ 96.3%] block 11034040 done
  [ 96.4%] block 11034041 done
  [ 96.4%] block 11034042 done
  [ 96.5%] block 11034043 done
  [ 96.5%] block 11034044 done
  [ 96.5%] block 11034045 done
  [ 96.6%] block 11034046 done
  [ 96.7%] block 11034047 done
  [ 96.7%] block 11034048 done
  [ 96.8%] block 11034049 done
  [ 96.8%] block 11034050 done
  [ 96.9%] block 11034051 done
  [ 96.9%] block 11034052 done
  [ 97.0%] block 11034053 done
  [ 97.0%] block 11034054 done
  [ 97.0%] block 11034055 done
  [ 97.1%] block 11034056 done
  [ 97.2%] block 11034057 done
  [ 97.2%] block 11034058 done
  [ 97.2%] block 11034059 done
  [ 97.3%] block 11034060 done
  [ 97.4%] block 11034061 done
  [ 97.4%] block 11034062 done
  [ 97.5%] block 11034063 done
  [ 97.5%] block 11034064 done
  [ 97.5%] block 11034065 done
  [ 97.6%] block 11034066 done
  [ 97.7%] block 11034067 done
  [ 97.7%] block 11034068 done
  [ 97.8%] block 11034069 done
  [ 97.8%] block 11034070 done
  [ 97.9%] block 11034071 done
  [ 97.9%] block 11034072 done
  [ 98.0%] block 11034073 done
  [ 98.0%] block 11034074 done
  [ 98.0%] block 11034075 done
  [ 98.1%] block 11034076 done
  [ 98.2%] block 11034077 done
  [ 98.2%] block 11034078 done
  [ 98.2%] block 11034079 done
  [ 98.3%] block 11034080 done
  [ 98.4%] block 11034081 done
  [ 98.4%] block 11034082 done
  [ 98.5%] block 11034083 done
  [ 98.5%] block 11034084 done
  [ 98.6%] block 11034085 done
  [ 98.6%] block 11034086 done
  [ 98.7%] block 11034087 done
  [ 98.7%] block 11034088 done
  [ 98.8%] block 11034089 done
  [ 98.8%] block 11034090 done
  [ 98.9%] block 11034091 done
  [ 98.9%] block 11034092 done
  [ 99.0%] block 11034093 done
  [ 99.0%] block 11034094 done
  [ 99.1%] block 11034095 done
  [ 99.1%] block 11034096 done
  [ 99.2%] block 11034097 done
  [ 99.2%] block 11034098 done
  [ 99.2%] block 11034099 done
  [ 99.3%] block 11034100 done
  [ 99.4%] block 11034101 done
  [ 99.4%] block 11034102 done
  [ 99.5%] block 11034103 done
  [ 99.5%] block 11034104 done
  [ 99.6%] block 11034105 done
  [ 99.6%] block 11034106 done
  [ 99.7%] block 11034107 done
  [ 99.7%] block 11034108 done
  [ 99.8%] block 11034109 done
  [ 99.8%] block 11034110 done
  [ 99.9%] block 11034111 done
  [ 99.9%] block 11034112 done
  [100.0%] block 11034113 done
Batch 11034114 → 11034114
  [100.0%] block 11034114 done

Crawl complete.
Indexed blocks 11032114 → 11034114 (2000 blocks)
